07.10.2015;09:55:23.219 INFO [admin-thread-pool-4848(4)] c.j.p.j.j.t.r.ToUpperResourceAdapter - To-Upper resource adapter started. [cz.jaros.playground.jee.jca.toupper.rar.ToUpperResourceAdapter:27]
07.10.2015;09:59:27.803 INFO [http-thread-pool-8080(4)] c.j.p.j.j.t.client.MainController - Rendering input form. [cz.jaros.playground.jee.jca.toupper.client.MainController:45]
07.10.2015;09:59:31.162 INFO [http-thread-pool-8080(5)] c.j.p.j.j.t.client.MainController - Rendering input form. [cz.jaros.playground.jee.jca.toupper.client.MainController:45]
07.10.2015;09:59:42.886 INFO [http-thread-pool-8080(2)] c.j.p.j.j.t.client.MainController - Processing input aaaa. [cz.jaros.playground.jee.jca.toupper.client.MainController:51]
07.10.2015;09:59:42.887 INFO [http-thread-pool-8080(2)] c.j.p.j.j.t.client.MainController - Looking up connection factory with JNDI name 'java:comp/env/eis/toupper-host [cz.jaros.playground.jee.jca.toupper.client.MainController:31]
07.10.2015;09:59:42.893 INFO [http-thread-pool-8080(2)] c.j.p.j.j.t.r.s.ToUpperManagedConnectionFactory - cz.jaros.playground.jee.jca.toupper.rar.spi.ToUpperManagedConnectionFactory@b9f21160 -- createConnectionFactory() [cz.jaros.playground.jee.jca.base.spi.AbstractManagedConnectionFactory:102]
07.10.2015;09:59:42.893 INFO [http-thread-pool-8080(2)] c.j.p.j.j.t.client.MainController - Looked up connection factory: cz.jaros.playground.jee.jca.toupper.rar.ci.ToUpperConnectionFactoryImpl@7c6de4ab [cz.jaros.playground.jee.jca.toupper.client.MainController:34]
07.10.2015;09:59:42.893 INFO [http-thread-pool-8080(2)] c.j.p.j.j.t.r.c.ToUpperConnectionFactoryImpl - cz.jaros.playground.jee.jca.toupper.rar.ci.ToUpperConnectionFactoryImpl@7c6de4ab--> getConnection() [cz.jaros.playground.jee.jca.base.ci.BaseConnectionFactoryImpl:44]
07.10.2015;09:59:42.893 INFO [http-thread-pool-8080(2)] c.j.p.j.j.t.r.s.ToUpperManagedConnectionFactory - cz.jaros.playground.jee.jca.toupper.rar.spi.ToUpperManagedConnectionFactory@b9f21160 -- createManagedConnection() [cz.jaros.playground.jee.jca.base.spi.AbstractManagedConnectionFactory:102]
07.10.2015;09:59:42.894 INFO [http-thread-pool-8080(2)] c.j.p.j.j.t.r.s.ToUpperManagedConnectionFactory - Constructed managed connection: cz.jaros.playground.jee.jca.toupper.rar.spi.ToUpperManagedConnection@12bfd65f [cz.jaros.playground.jee.jca.base.spi.AbstractManagedConnectionFactory:57]
07.10.2015;09:59:42.895 INFO [http-thread-pool-8080(2)] c.j.p.j.j.t.r.s.ToUpperManagedConnection - cz.jaros.playground.jee.jca.toupper.rar.spi.ToUpperManagedConnection@12bfd65f -- addConnectionEventListener() -> com.sun.enterprise.resource.listener.LocalTxConnectionEventListener@430bb197 [cz.jaros.playground.jee.jca.base.spi.AbstractManagedConnection:119]
07.10.2015;09:59:42.895 INFO [http-thread-pool-8080(2)] c.j.p.j.j.t.r.s.ToUpperManagedConnectionFactory - cz.jaros.playground.jee.jca.toupper.rar.spi.ToUpperManagedConnectionFactory@b9f21160 -- matchManagedConnections() [cz.jaros.playground.jee.jca.base.spi.AbstractManagedConnectionFactory:102]
07.10.2015;09:59:42.895 INFO [http-thread-pool-8080(2)] c.j.p.j.j.t.r.s.ToUpperManagedConnectionFactory - Connection match! [cz.jaros.playground.jee.jca.base.spi.AbstractManagedConnectionFactory:72]
07.10.2015;09:59:42.895 INFO [http-thread-pool-8080(2)] c.j.p.j.j.t.r.s.ToUpperManagedConnection - cz.jaros.playground.jee.jca.toupper.rar.spi.ToUpperManagedConnection@12bfd65f -- getConnection() [cz.jaros.playground.jee.jca.base.spi.AbstractManagedConnection:119]
07.10.2015;09:59:42.895 INFO [http-thread-pool-8080(2)] c.j.p.j.j.t.r.s.ToUpperManagedConnection - Connecting to localhost on port 8764... [cz.jaros.playground.jee.jca.base.spi.TcpBasedManagedConnection:47]
07.10.2015;09:59:42.896 INFO [http-thread-pool-8080(2)] c.j.p.j.j.t.r.s.ToUpperManagedConnection - Connected! [cz.jaros.playground.jee.jca.base.spi.TcpBasedManagedConnection:51]
07.10.2015;09:59:42.896 INFO [http-thread-pool-8080(2)] c.j.p.j.j.t.r.c.ToUpperConnectionFactoryImpl - Created application connection handle: cz.jaros.playground.jee.jca.toupper.rar.ci.ToUpperConnectionImpl@34b852e4 [cz.jaros.playground.jee.jca.base.ci.BaseConnectionFactoryImpl:47]
07.10.2015;09:59:42.897 INFO [http-thread-pool-8080(2)] c.j.p.j.j.t.r.s.ToUpperManagedConnection - Sending input... [cz.jaros.playground.jee.jca.toupper.rar.spi.ToUpperManagedConnection:56]
07.10.2015;09:59:42.897 INFO [http-thread-pool-8080(2)] c.j.p.j.j.t.r.s.ToUpperManagedConnection - OUT -> aaaa [cz.jaros.playground.jee.jca.base.spi.TcpBasedManagedConnection:72]
07.10.2015;09:59:42.897 INFO [http-thread-pool-8080(2)] c.j.p.j.j.t.r.s.ToUpperManagedConnection - Reading output... [cz.jaros.playground.jee.jca.toupper.rar.spi.ToUpperManagedConnection:58]
07.10.2015;09:59:44.328 INFO [http-thread-pool-8080(1)] c.j.p.j.j.t.client.MainController - Processing input bbbb. [cz.jaros.playground.jee.jca.toupper.client.MainController:51]
07.10.2015;09:59:44.329 INFO [http-thread-pool-8080(1)] c.j.p.j.j.t.r.c.ToUpperConnectionFactoryImpl - cz.jaros.playground.jee.jca.toupper.rar.ci.ToUpperConnectionFactoryImpl@7c6de4ab--> getConnection() [cz.jaros.playground.jee.jca.base.ci.BaseConnectionFactoryImpl:44]
07.10.2015;09:59:45.900 INFO [http-thread-pool-8080(2)] c.j.p.j.j.t.r.s.ToUpperManagedConnection - IN  <- AAAA [cz.jaros.playground.jee.jca.base.spi.TcpBasedManagedConnection:67]
07.10.2015;09:59:45.900 INFO [http-thread-pool-8080(2)] c.j.p.j.j.t.r.s.ToUpperManagedConnection - cz.jaros.playground.jee.jca.toupper.rar.spi.ToUpperManagedConnection@12bfd65f -- fireConnectionCloseEvent() -> cz.jaros.playground.jee.jca.toupper.rar.ci.ToUpperConnectionImpl@34b852e4 [cz.jaros.playground.jee.jca.base.spi.AbstractManagedConnection:119]
07.10.2015;09:59:45.901 INFO [http-thread-pool-8080(2)] c.j.p.j.j.t.r.s.ToUpperManagedConnection - cz.jaros.playground.jee.jca.toupper.rar.spi.ToUpperManagedConnection@12bfd65f -- cleanup() [cz.jaros.playground.jee.jca.base.spi.AbstractManagedConnection:119]
07.10.2015;09:59:45.902 INFO [http-thread-pool-8080(1)] c.j.p.j.j.t.r.s.ToUpperManagedConnectionFactory - cz.jaros.playground.jee.jca.toupper.rar.spi.ToUpperManagedConnectionFactory@b9f21160 -- matchManagedConnections() [cz.jaros.playground.jee.jca.base.spi.AbstractManagedConnectionFactory:102]
07.10.2015;09:59:45.902 INFO [http-thread-pool-8080(1)] c.j.p.j.j.t.r.s.ToUpperManagedConnectionFactory - Connection match! [cz.jaros.playground.jee.jca.base.spi.AbstractManagedConnectionFactory:72]
07.10.2015;09:59:45.902 INFO [http-thread-pool-8080(1)] c.j.p.j.j.t.r.s.ToUpperManagedConnection - cz.jaros.playground.jee.jca.toupper.rar.spi.ToUpperManagedConnection@12bfd65f -- getConnection() [cz.jaros.playground.jee.jca.base.spi.AbstractManagedConnection:119]
07.10.2015;09:59:45.903 INFO [http-thread-pool-8080(1)] c.j.p.j.j.t.r.c.ToUpperConnectionFactoryImpl - Created application connection handle: cz.jaros.playground.jee.jca.toupper.rar.ci.ToUpperConnectionImpl@7a1c56ad [cz.jaros.playground.jee.jca.base.ci.BaseConnectionFactoryImpl:47]
07.10.2015;09:59:45.903 INFO [http-thread-pool-8080(1)] c.j.p.j.j.t.r.s.ToUpperManagedConnection - Sending input... [cz.jaros.playground.jee.jca.toupper.rar.spi.ToUpperManagedConnection:56]
07.10.2015;09:59:45.903 INFO [http-thread-pool-8080(1)] c.j.p.j.j.t.r.s.ToUpperManagedConnection - OUT -> bbbb [cz.jaros.playground.jee.jca.base.spi.TcpBasedManagedConnection:72]
07.10.2015;09:59:45.904 INFO [http-thread-pool-8080(1)] c.j.p.j.j.t.r.s.ToUpperManagedConnection - Reading output... [cz.jaros.playground.jee.jca.toupper.rar.spi.ToUpperManagedConnection:58]
07.10.2015;09:59:48.910 INFO [http-thread-pool-8080(1)] c.j.p.j.j.t.r.s.ToUpperManagedConnection - IN  <- BBBB [cz.jaros.playground.jee.jca.base.spi.TcpBasedManagedConnection:67]
07.10.2015;09:59:48.911 INFO [http-thread-pool-8080(1)] c.j.p.j.j.t.r.s.ToUpperManagedConnection - cz.jaros.playground.jee.jca.toupper.rar.spi.ToUpperManagedConnection@12bfd65f -- fireConnectionCloseEvent() -> cz.jaros.playground.jee.jca.toupper.rar.ci.ToUpperConnectionImpl@7a1c56ad [cz.jaros.playground.jee.jca.base.spi.AbstractManagedConnection:119]
07.10.2015;09:59:48.911 INFO [http-thread-pool-8080(1)] c.j.p.j.j.t.r.s.ToUpperManagedConnection - cz.jaros.playground.jee.jca.toupper.rar.spi.ToUpperManagedConnection@12bfd65f -- cleanup() [cz.jaros.playground.jee.jca.base.spi.AbstractManagedConnection:119]
