07.10.2015;09:28:25.283 INFO [Thread-63] c.j.p.j.j.t.r.ToUpperResourceAdapter - To-Upper resource adapter stopped. [cz.jaros.playground.jee.jca.toupper.rar.ToUpperResourceAdapter:32]
07.10.2015;09:28:26.379 INFO [admin-thread-pool-4848(6)] c.j.p.j.j.t.r.ToUpperResourceAdapter - To-Upper resource adapter started. [cz.jaros.playground.jee.jca.toupper.rar.ToUpperResourceAdapter:27]
07.10.2015;09:30:49.729 INFO [http-thread-pool-8080(2)] c.j.p.j.j.t.client.MainController - Rendering input form. [cz.jaros.playground.jee.jca.toupper.client.MainController:44]
07.10.2015;09:35:10.622 INFO [Thread-64] c.j.p.j.j.t.r.ToUpperResourceAdapter - To-Upper resource adapter stopped. [cz.jaros.playground.jee.jca.toupper.rar.ToUpperResourceAdapter:32]
07.10.2015;09:35:11.078 INFO [admin-thread-pool-4848(5)] c.j.p.j.j.t.r.ToUpperResourceAdapter - To-Upper resource adapter started. [cz.jaros.playground.jee.jca.toupper.rar.ToUpperResourceAdapter:27]
07.10.2015;09:35:17.942 INFO [http-thread-pool-8080(3)] c.j.p.j.j.t.client.MainController - Rendering input form. [cz.jaros.playground.jee.jca.toupper.client.MainController:45]
07.10.2015;09:35:31.969 INFO [http-thread-pool-8080(4)] c.j.p.j.j.t.client.MainController - Processing input fds. [cz.jaros.playground.jee.jca.toupper.client.MainController:51]
07.10.2015;09:35:31.970 INFO [http-thread-pool-8080(4)] c.j.p.j.j.t.client.MainController - Looking up connection factory with JNDI name 'java:comp/env/eis/toupper-host [cz.jaros.playground.jee.jca.toupper.client.MainController:31]
07.10.2015;09:35:31.976 INFO [http-thread-pool-8080(4)] c.j.p.j.j.t.r.s.ToUpperManagedConnectionFactory - cz.jaros.playground.jee.jca.toupper.rar.spi.ToUpperManagedConnectionFactory@b9f21160 -- createConnectionFactory() [cz.jaros.playground.jee.jca.base.spi.AbstractManagedConnectionFactory:102]
07.10.2015;09:35:31.977 INFO [http-thread-pool-8080(4)] c.j.p.j.j.t.client.MainController - Looked up connection factory: cz.jaros.playground.jee.jca.toupper.rar.ci.ToUpperConnectionFactoryImpl@8ecf839 [cz.jaros.playground.jee.jca.toupper.client.MainController:34]
07.10.2015;09:35:31.977 INFO [http-thread-pool-8080(4)] c.j.p.j.j.t.r.c.ToUpperConnectionFactoryImpl - cz.jaros.playground.jee.jca.toupper.rar.ci.ToUpperConnectionFactoryImpl@8ecf839--> getConnection() [cz.jaros.playground.jee.jca.base.ci.BaseConnectionFactoryImpl:44]
07.10.2015;09:35:31.978 INFO [http-thread-pool-8080(4)] c.j.p.j.j.t.r.s.ToUpperManagedConnectionFactory - cz.jaros.playground.jee.jca.toupper.rar.spi.ToUpperManagedConnectionFactory@b9f21160 -- createManagedConnection() [cz.jaros.playground.jee.jca.base.spi.AbstractManagedConnectionFactory:102]
07.10.2015;09:35:31.978 INFO [http-thread-pool-8080(4)] c.j.p.j.j.t.r.s.ToUpperManagedConnectionFactory - Constructed managed connection: cz.jaros.playground.jee.jca.toupper.rar.spi.ToUpperManagedConnection@7d9c6ac2 [cz.jaros.playground.jee.jca.base.spi.AbstractManagedConnectionFactory:57]
07.10.2015;09:35:31.979 INFO [http-thread-pool-8080(4)] c.j.p.j.j.t.r.s.ToUpperManagedConnection - cz.jaros.playground.jee.jca.toupper.rar.spi.ToUpperManagedConnection@7d9c6ac2 -- addConnectionEventListener() -> com.sun.enterprise.resource.listener.LocalTxConnectionEventListener@1f223d54 [cz.jaros.playground.jee.jca.base.spi.AbstractManagedConnection:119]
07.10.2015;09:35:31.979 INFO [http-thread-pool-8080(4)] c.j.p.j.j.t.r.s.ToUpperManagedConnectionFactory - cz.jaros.playground.jee.jca.toupper.rar.spi.ToUpperManagedConnectionFactory@b9f21160 -- createManagedConnection() [cz.jaros.playground.jee.jca.base.spi.AbstractManagedConnectionFactory:102]
07.10.2015;09:35:31.980 INFO [http-thread-pool-8080(4)] c.j.p.j.j.t.r.s.ToUpperManagedConnectionFactory - Constructed managed connection: cz.jaros.playground.jee.jca.toupper.rar.spi.ToUpperManagedConnection@e865c4 [cz.jaros.playground.jee.jca.base.spi.AbstractManagedConnectionFactory:57]
07.10.2015;09:35:31.981 INFO [http-thread-pool-8080(4)] c.j.p.j.j.t.r.s.ToUpperManagedConnection - cz.jaros.playground.jee.jca.toupper.rar.spi.ToUpperManagedConnection@e865c4 -- addConnectionEventListener() -> com.sun.enterprise.resource.listener.LocalTxConnectionEventListener@53ccc731 [cz.jaros.playground.jee.jca.base.spi.AbstractManagedConnection:119]
07.10.2015;09:35:31.981 INFO [http-thread-pool-8080(4)] c.j.p.j.j.t.r.s.ToUpperManagedConnectionFactory - cz.jaros.playground.jee.jca.toupper.rar.spi.ToUpperManagedConnectionFactory@b9f21160 -- createManagedConnection() [cz.jaros.playground.jee.jca.base.spi.AbstractManagedConnectionFactory:102]
07.10.2015;09:35:31.981 INFO [http-thread-pool-8080(4)] c.j.p.j.j.t.r.s.ToUpperManagedConnectionFactory - Constructed managed connection: cz.jaros.playground.jee.jca.toupper.rar.spi.ToUpperManagedConnection@29298cf2 [cz.jaros.playground.jee.jca.base.spi.AbstractManagedConnectionFactory:57]
07.10.2015;09:35:31.982 INFO [http-thread-pool-8080(4)] c.j.p.j.j.t.r.s.ToUpperManagedConnection - cz.jaros.playground.jee.jca.toupper.rar.spi.ToUpperManagedConnection@29298cf2 -- addConnectionEventListener() -> com.sun.enterprise.resource.listener.LocalTxConnectionEventListener@21c299dc [cz.jaros.playground.jee.jca.base.spi.AbstractManagedConnection:119]
07.10.2015;09:35:31.983 INFO [http-thread-pool-8080(4)] c.j.p.j.j.t.r.s.ToUpperManagedConnectionFactory - cz.jaros.playground.jee.jca.toupper.rar.spi.ToUpperManagedConnectionFactory@b9f21160 -- createManagedConnection() [cz.jaros.playground.jee.jca.base.spi.AbstractManagedConnectionFactory:102]
07.10.2015;09:35:31.983 INFO [http-thread-pool-8080(4)] c.j.p.j.j.t.r.s.ToUpperManagedConnectionFactory - Constructed managed connection: cz.jaros.playground.jee.jca.toupper.rar.spi.ToUpperManagedConnection@6f034bd4 [cz.jaros.playground.jee.jca.base.spi.AbstractManagedConnectionFactory:57]
07.10.2015;09:35:31.984 INFO [http-thread-pool-8080(4)] c.j.p.j.j.t.r.s.ToUpperManagedConnection - cz.jaros.playground.jee.jca.toupper.rar.spi.ToUpperManagedConnection@6f034bd4 -- addConnectionEventListener() -> com.sun.enterprise.resource.listener.LocalTxConnectionEventListener@731aa0af [cz.jaros.playground.jee.jca.base.spi.AbstractManagedConnection:119]
07.10.2015;09:35:31.984 INFO [http-thread-pool-8080(4)] c.j.p.j.j.t.r.s.ToUpperManagedConnectionFactory - cz.jaros.playground.jee.jca.toupper.rar.spi.ToUpperManagedConnectionFactory@b9f21160 -- createManagedConnection() [cz.jaros.playground.jee.jca.base.spi.AbstractManagedConnectionFactory:102]
07.10.2015;09:35:31.984 INFO [http-thread-pool-8080(4)] c.j.p.j.j.t.r.s.ToUpperManagedConnectionFactory - Constructed managed connection: cz.jaros.playground.jee.jca.toupper.rar.spi.ToUpperManagedConnection@592b7c32 [cz.jaros.playground.jee.jca.base.spi.AbstractManagedConnectionFactory:57]
07.10.2015;09:35:31.985 INFO [http-thread-pool-8080(4)] c.j.p.j.j.t.r.s.ToUpperManagedConnection - cz.jaros.playground.jee.jca.toupper.rar.spi.ToUpperManagedConnection@592b7c32 -- addConnectionEventListener() -> com.sun.enterprise.resource.listener.LocalTxConnectionEventListener@4999ec5b [cz.jaros.playground.jee.jca.base.spi.AbstractManagedConnection:119]
07.10.2015;09:35:31.985 INFO [http-thread-pool-8080(4)] c.j.p.j.j.t.r.s.ToUpperManagedConnectionFactory - cz.jaros.playground.jee.jca.toupper.rar.spi.ToUpperManagedConnectionFactory@b9f21160 -- createManagedConnection() [cz.jaros.playground.jee.jca.base.spi.AbstractManagedConnectionFactory:102]
07.10.2015;09:35:31.985 INFO [http-thread-pool-8080(4)] c.j.p.j.j.t.r.s.ToUpperManagedConnectionFactory - Constructed managed connection: cz.jaros.playground.jee.jca.toupper.rar.spi.ToUpperManagedConnection@186c701d [cz.jaros.playground.jee.jca.base.spi.AbstractManagedConnectionFactory:57]
07.10.2015;09:35:31.986 INFO [http-thread-pool-8080(4)] c.j.p.j.j.t.r.s.ToUpperManagedConnection - cz.jaros.playground.jee.jca.toupper.rar.spi.ToUpperManagedConnection@186c701d -- addConnectionEventListener() -> com.sun.enterprise.resource.listener.LocalTxConnectionEventListener@1af08bdb [cz.jaros.playground.jee.jca.base.spi.AbstractManagedConnection:119]
07.10.2015;09:35:31.987 INFO [http-thread-pool-8080(4)] c.j.p.j.j.t.r.s.ToUpperManagedConnectionFactory - cz.jaros.playground.jee.jca.toupper.rar.spi.ToUpperManagedConnectionFactory@b9f21160 -- createManagedConnection() [cz.jaros.playground.jee.jca.base.spi.AbstractManagedConnectionFactory:102]
07.10.2015;09:35:31.987 INFO [http-thread-pool-8080(4)] c.j.p.j.j.t.r.s.ToUpperManagedConnectionFactory - Constructed managed connection: cz.jaros.playground.jee.jca.toupper.rar.spi.ToUpperManagedConnection@266de4ae [cz.jaros.playground.jee.jca.base.spi.AbstractManagedConnectionFactory:57]
07.10.2015;09:35:31.988 INFO [http-thread-pool-8080(4)] c.j.p.j.j.t.r.s.ToUpperManagedConnection - cz.jaros.playground.jee.jca.toupper.rar.spi.ToUpperManagedConnection@266de4ae -- addConnectionEventListener() -> com.sun.enterprise.resource.listener.LocalTxConnectionEventListener@21c5c1d0 [cz.jaros.playground.jee.jca.base.spi.AbstractManagedConnection:119]
07.10.2015;09:35:31.988 INFO [http-thread-pool-8080(4)] c.j.p.j.j.t.r.s.ToUpperManagedConnectionFactory - cz.jaros.playground.jee.jca.toupper.rar.spi.ToUpperManagedConnectionFactory@b9f21160 -- createManagedConnection() [cz.jaros.playground.jee.jca.base.spi.AbstractManagedConnectionFactory:102]
07.10.2015;09:35:31.988 INFO [http-thread-pool-8080(4)] c.j.p.j.j.t.r.s.ToUpperManagedConnectionFactory - Constructed managed connection: cz.jaros.playground.jee.jca.toupper.rar.spi.ToUpperManagedConnection@3e375002 [cz.jaros.playground.jee.jca.base.spi.AbstractManagedConnectionFactory:57]
07.10.2015;09:35:31.989 INFO [http-thread-pool-8080(4)] c.j.p.j.j.t.r.s.ToUpperManagedConnection - cz.jaros.playground.jee.jca.toupper.rar.spi.ToUpperManagedConnection@3e375002 -- addConnectionEventListener() -> com.sun.enterprise.resource.listener.LocalTxConnectionEventListener@240dd102 [cz.jaros.playground.jee.jca.base.spi.AbstractManagedConnection:119]
07.10.2015;09:35:31.989 INFO [http-thread-pool-8080(4)] c.j.p.j.j.t.r.s.ToUpperManagedConnectionFactory - cz.jaros.playground.jee.jca.toupper.rar.spi.ToUpperManagedConnectionFactory@b9f21160 -- matchManagedConnections() [cz.jaros.playground.jee.jca.base.spi.AbstractManagedConnectionFactory:102]
07.10.2015;09:35:31.989 INFO [http-thread-pool-8080(4)] c.j.p.j.j.t.r.s.ToUpperManagedConnectionFactory - Connection match! [cz.jaros.playground.jee.jca.base.spi.AbstractManagedConnectionFactory:72]
07.10.2015;09:35:31.989 INFO [http-thread-pool-8080(4)] c.j.p.j.j.t.r.s.ToUpperManagedConnection - cz.jaros.playground.jee.jca.toupper.rar.spi.ToUpperManagedConnection@7d9c6ac2 -- getConnection() [cz.jaros.playground.jee.jca.base.spi.AbstractManagedConnection:119]
07.10.2015;09:35:31.989 INFO [http-thread-pool-8080(4)] c.j.p.j.j.t.r.s.ToUpperManagedConnection - Connecting to localhost on port 8764... [cz.jaros.playground.jee.jca.base.spi.TcpBasedManagedConnection:47]
07.10.2015;09:35:31.990 INFO [http-thread-pool-8080(4)] c.j.p.j.j.t.r.s.ToUpperManagedConnection - Connected! [cz.jaros.playground.jee.jca.base.spi.TcpBasedManagedConnection:51]
07.10.2015;09:35:31.990 INFO [http-thread-pool-8080(4)] c.j.p.j.j.t.r.c.ToUpperConnectionFactoryImpl - Created application connection handle: cz.jaros.playground.jee.jca.toupper.rar.ci.ToUpperConnectionImpl@714eccc [cz.jaros.playground.jee.jca.base.ci.BaseConnectionFactoryImpl:47]
07.10.2015;09:35:31.991 INFO [http-thread-pool-8080(4)] c.j.p.j.j.t.r.s.ToUpperManagedConnection - Sending input... [cz.jaros.playground.jee.jca.toupper.rar.spi.ToUpperManagedConnection:56]
07.10.2015;09:35:31.992 INFO [http-thread-pool-8080(4)] c.j.p.j.j.t.r.s.ToUpperManagedConnection - OUT -> fds [cz.jaros.playground.jee.jca.base.spi.TcpBasedManagedConnection:72]
07.10.2015;09:35:31.992 INFO [http-thread-pool-8080(4)] c.j.p.j.j.t.r.s.ToUpperManagedConnection - Reading output... [cz.jaros.playground.jee.jca.toupper.rar.spi.ToUpperManagedConnection:58]
07.10.2015;09:35:31.995 INFO [http-thread-pool-8080(4)] c.j.p.j.j.t.r.s.ToUpperManagedConnection - IN  <- FDS [cz.jaros.playground.jee.jca.base.spi.TcpBasedManagedConnection:67]
07.10.2015;09:35:31.995 INFO [http-thread-pool-8080(4)] c.j.p.j.j.t.r.s.ToUpperManagedConnection - cz.jaros.playground.jee.jca.toupper.rar.spi.ToUpperManagedConnection@7d9c6ac2 -- fireConnectionCloseEvent() -> cz.jaros.playground.jee.jca.toupper.rar.ci.ToUpperConnectionImpl@714eccc [cz.jaros.playground.jee.jca.base.spi.AbstractManagedConnection:119]
07.10.2015;09:35:31.996 INFO [http-thread-pool-8080(4)] c.j.p.j.j.t.r.s.ToUpperManagedConnection - cz.jaros.playground.jee.jca.toupper.rar.spi.ToUpperManagedConnection@7d9c6ac2 -- cleanup() [cz.jaros.playground.jee.jca.base.spi.AbstractManagedConnection:119]
07.10.2015;09:40:31.990 INFO [connector-timer-proxy] c.j.p.j.j.t.r.s.ToUpperManagedConnection - cz.jaros.playground.jee.jca.toupper.rar.spi.ToUpperManagedConnection@e865c4 -- destroy() [cz.jaros.playground.jee.jca.base.spi.AbstractManagedConnection:119]
07.10.2015;09:40:31.991 INFO [connector-timer-proxy] c.j.p.j.j.t.r.s.ToUpperManagedConnection - cz.jaros.playground.jee.jca.toupper.rar.spi.ToUpperManagedConnection@29298cf2 -- destroy() [cz.jaros.playground.jee.jca.base.spi.AbstractManagedConnection:119]
07.10.2015;09:40:31.991 INFO [connector-timer-proxy] c.j.p.j.j.t.r.s.ToUpperManagedConnection - cz.jaros.playground.jee.jca.toupper.rar.spi.ToUpperManagedConnection@6f034bd4 -- destroy() [cz.jaros.playground.jee.jca.base.spi.AbstractManagedConnection:119]
07.10.2015;09:40:31.991 INFO [connector-timer-proxy] c.j.p.j.j.t.r.s.ToUpperManagedConnection - cz.jaros.playground.jee.jca.toupper.rar.spi.ToUpperManagedConnection@592b7c32 -- destroy() [cz.jaros.playground.jee.jca.base.spi.AbstractManagedConnection:119]
07.10.2015;09:40:31.991 INFO [connector-timer-proxy] c.j.p.j.j.t.r.s.ToUpperManagedConnection - cz.jaros.playground.jee.jca.toupper.rar.spi.ToUpperManagedConnection@186c701d -- destroy() [cz.jaros.playground.jee.jca.base.spi.AbstractManagedConnection:119]
07.10.2015;09:40:31.992 INFO [connector-timer-proxy] c.j.p.j.j.t.r.s.ToUpperManagedConnection - cz.jaros.playground.jee.jca.toupper.rar.spi.ToUpperManagedConnection@266de4ae -- destroy() [cz.jaros.playground.jee.jca.base.spi.AbstractManagedConnection:119]
07.10.2015;09:40:31.992 INFO [connector-timer-proxy] c.j.p.j.j.t.r.s.ToUpperManagedConnection - cz.jaros.playground.jee.jca.toupper.rar.spi.ToUpperManagedConnection@3e375002 -- destroy() [cz.jaros.playground.jee.jca.base.spi.AbstractManagedConnection:119]
07.10.2015;09:40:31.992 INFO [connector-timer-proxy] c.j.p.j.j.t.r.s.ToUpperManagedConnectionFactory - cz.jaros.playground.jee.jca.toupper.rar.spi.ToUpperManagedConnectionFactory@b9f21160 -- createManagedConnection() [cz.jaros.playground.jee.jca.base.spi.AbstractManagedConnectionFactory:102]
07.10.2015;09:40:31.992 INFO [connector-timer-proxy] c.j.p.j.j.t.r.s.ToUpperManagedConnectionFactory - Constructed managed connection: cz.jaros.playground.jee.jca.toupper.rar.spi.ToUpperManagedConnection@13cd7ab [cz.jaros.playground.jee.jca.base.spi.AbstractManagedConnectionFactory:57]
07.10.2015;09:40:31.995 INFO [connector-timer-proxy] c.j.p.j.j.t.r.s.ToUpperManagedConnection - cz.jaros.playground.jee.jca.toupper.rar.spi.ToUpperManagedConnection@13cd7ab -- addConnectionEventListener() -> com.sun.enterprise.resource.listener.LocalTxConnectionEventListener@6c3f733a [cz.jaros.playground.jee.jca.base.spi.AbstractManagedConnection:119]
07.10.2015;09:40:31.995 INFO [connector-timer-proxy] c.j.p.j.j.t.r.s.ToUpperManagedConnectionFactory - cz.jaros.playground.jee.jca.toupper.rar.spi.ToUpperManagedConnectionFactory@b9f21160 -- createManagedConnection() [cz.jaros.playground.jee.jca.base.spi.AbstractManagedConnectionFactory:102]
07.10.2015;09:40:31.995 INFO [connector-timer-proxy] c.j.p.j.j.t.r.s.ToUpperManagedConnectionFactory - Constructed managed connection: cz.jaros.playground.jee.jca.toupper.rar.spi.ToUpperManagedConnection@39a61c5b [cz.jaros.playground.jee.jca.base.spi.AbstractManagedConnectionFactory:57]
07.10.2015;09:40:31.997 INFO [connector-timer-proxy] c.j.p.j.j.t.r.s.ToUpperManagedConnection - cz.jaros.playground.jee.jca.toupper.rar.spi.ToUpperManagedConnection@39a61c5b -- addConnectionEventListener() -> com.sun.enterprise.resource.listener.LocalTxConnectionEventListener@53748f79 [cz.jaros.playground.jee.jca.base.spi.AbstractManagedConnection:119]
07.10.2015;09:40:31.997 INFO [connector-timer-proxy] c.j.p.j.j.t.r.s.ToUpperManagedConnectionFactory - cz.jaros.playground.jee.jca.toupper.rar.spi.ToUpperManagedConnectionFactory@b9f21160 -- createManagedConnection() [cz.jaros.playground.jee.jca.base.spi.AbstractManagedConnectionFactory:102]
07.10.2015;09:40:31.997 INFO [connector-timer-proxy] c.j.p.j.j.t.r.s.ToUpperManagedConnectionFactory - Constructed managed connection: cz.jaros.playground.jee.jca.toupper.rar.spi.ToUpperManagedConnection@9777bbd [cz.jaros.playground.jee.jca.base.spi.AbstractManagedConnectionFactory:57]
07.10.2015;09:40:31.999 INFO [connector-timer-proxy] c.j.p.j.j.t.r.s.ToUpperManagedConnection - cz.jaros.playground.jee.jca.toupper.rar.spi.ToUpperManagedConnection@9777bbd -- addConnectionEventListener() -> com.sun.enterprise.resource.listener.LocalTxConnectionEventListener@3cc11683 [cz.jaros.playground.jee.jca.base.spi.AbstractManagedConnection:119]
07.10.2015;09:40:32.000 INFO [connector-timer-proxy] c.j.p.j.j.t.r.s.ToUpperManagedConnectionFactory - cz.jaros.playground.jee.jca.toupper.rar.spi.ToUpperManagedConnectionFactory@b9f21160 -- createManagedConnection() [cz.jaros.playground.jee.jca.base.spi.AbstractManagedConnectionFactory:102]
07.10.2015;09:40:32.000 INFO [connector-timer-proxy] c.j.p.j.j.t.r.s.ToUpperManagedConnectionFactory - Constructed managed connection: cz.jaros.playground.jee.jca.toupper.rar.spi.ToUpperManagedConnection@28ad119e [cz.jaros.playground.jee.jca.base.spi.AbstractManagedConnectionFactory:57]
07.10.2015;09:40:32.002 INFO [connector-timer-proxy] c.j.p.j.j.t.r.s.ToUpperManagedConnection - cz.jaros.playground.jee.jca.toupper.rar.spi.ToUpperManagedConnection@28ad119e -- addConnectionEventListener() -> com.sun.enterprise.resource.listener.LocalTxConnectionEventListener@20591806 [cz.jaros.playground.jee.jca.base.spi.AbstractManagedConnection:119]
07.10.2015;09:40:32.002 INFO [connector-timer-proxy] c.j.p.j.j.t.r.s.ToUpperManagedConnectionFactory - cz.jaros.playground.jee.jca.toupper.rar.spi.ToUpperManagedConnectionFactory@b9f21160 -- createManagedConnection() [cz.jaros.playground.jee.jca.base.spi.AbstractManagedConnectionFactory:102]
07.10.2015;09:40:32.002 INFO [connector-timer-proxy] c.j.p.j.j.t.r.s.ToUpperManagedConnectionFactory - Constructed managed connection: cz.jaros.playground.jee.jca.toupper.rar.spi.ToUpperManagedConnection@39384281 [cz.jaros.playground.jee.jca.base.spi.AbstractManagedConnectionFactory:57]
07.10.2015;09:40:32.004 INFO [connector-timer-proxy] c.j.p.j.j.t.r.s.ToUpperManagedConnection - cz.jaros.playground.jee.jca.toupper.rar.spi.ToUpperManagedConnection@39384281 -- addConnectionEventListener() -> com.sun.enterprise.resource.listener.LocalTxConnectionEventListener@4c64a229 [cz.jaros.playground.jee.jca.base.spi.AbstractManagedConnection:119]
07.10.2015;09:40:32.004 INFO [connector-timer-proxy] c.j.p.j.j.t.r.s.ToUpperManagedConnectionFactory - cz.jaros.playground.jee.jca.toupper.rar.spi.ToUpperManagedConnectionFactory@b9f21160 -- createManagedConnection() [cz.jaros.playground.jee.jca.base.spi.AbstractManagedConnectionFactory:102]
07.10.2015;09:40:32.004 INFO [connector-timer-proxy] c.j.p.j.j.t.r.s.ToUpperManagedConnectionFactory - Constructed managed connection: cz.jaros.playground.jee.jca.toupper.rar.spi.ToUpperManagedConnection@62d258ed [cz.jaros.playground.jee.jca.base.spi.AbstractManagedConnectionFactory:57]
07.10.2015;09:40:32.005 INFO [connector-timer-proxy] c.j.p.j.j.t.r.s.ToUpperManagedConnection - cz.jaros.playground.jee.jca.toupper.rar.spi.ToUpperManagedConnection@62d258ed -- addConnectionEventListener() -> com.sun.enterprise.resource.listener.LocalTxConnectionEventListener@63491968 [cz.jaros.playground.jee.jca.base.spi.AbstractManagedConnection:119]
07.10.2015;09:40:32.005 INFO [connector-timer-proxy] c.j.p.j.j.t.r.s.ToUpperManagedConnectionFactory - cz.jaros.playground.jee.jca.toupper.rar.spi.ToUpperManagedConnectionFactory@b9f21160 -- createManagedConnection() [cz.jaros.playground.jee.jca.base.spi.AbstractManagedConnectionFactory:102]
07.10.2015;09:40:32.005 INFO [connector-timer-proxy] c.j.p.j.j.t.r.s.ToUpperManagedConnectionFactory - Constructed managed connection: cz.jaros.playground.jee.jca.toupper.rar.spi.ToUpperManagedConnection@54232dc4 [cz.jaros.playground.jee.jca.base.spi.AbstractManagedConnectionFactory:57]
07.10.2015;09:40:32.005 INFO [connector-timer-proxy] c.j.p.j.j.t.r.s.ToUpperManagedConnection - cz.jaros.playground.jee.jca.toupper.rar.spi.ToUpperManagedConnection@54232dc4 -- addConnectionEventListener() -> com.sun.enterprise.resource.listener.LocalTxConnectionEventListener@3a65b4cb [cz.jaros.playground.jee.jca.base.spi.AbstractManagedConnection:119]
07.10.2015;09:45:31.989 INFO [connector-timer-proxy] c.j.p.j.j.t.r.s.ToUpperManagedConnection - cz.jaros.playground.jee.jca.toupper.rar.spi.ToUpperManagedConnection@7d9c6ac2 -- destroy() [cz.jaros.playground.jee.jca.base.spi.AbstractManagedConnection:119]
07.10.2015;09:45:31.990 INFO [connector-timer-proxy] c.j.p.j.j.t.r.s.ToUpperManagedConnectionFactory - cz.jaros.playground.jee.jca.toupper.rar.spi.ToUpperManagedConnectionFactory@b9f21160 -- createManagedConnection() [cz.jaros.playground.jee.jca.base.spi.AbstractManagedConnectionFactory:102]
07.10.2015;09:45:31.990 INFO [connector-timer-proxy] c.j.p.j.j.t.r.s.ToUpperManagedConnectionFactory - Constructed managed connection: cz.jaros.playground.jee.jca.toupper.rar.spi.ToUpperManagedConnection@61bf2c64 [cz.jaros.playground.jee.jca.base.spi.AbstractManagedConnectionFactory:57]
07.10.2015;09:45:31.992 INFO [connector-timer-proxy] c.j.p.j.j.t.r.s.ToUpperManagedConnection - cz.jaros.playground.jee.jca.toupper.rar.spi.ToUpperManagedConnection@61bf2c64 -- addConnectionEventListener() -> com.sun.enterprise.resource.listener.LocalTxConnectionEventListener@3d7af051 [cz.jaros.playground.jee.jca.base.spi.AbstractManagedConnection:119]
07.10.2015;09:50:31.989 INFO [connector-timer-proxy] c.j.p.j.j.t.r.s.ToUpperManagedConnection - cz.jaros.playground.jee.jca.toupper.rar.spi.ToUpperManagedConnection@13cd7ab -- destroy() [cz.jaros.playground.jee.jca.base.spi.AbstractManagedConnection:119]
07.10.2015;09:50:31.989 INFO [connector-timer-proxy] c.j.p.j.j.t.r.s.ToUpperManagedConnection - cz.jaros.playground.jee.jca.toupper.rar.spi.ToUpperManagedConnection@39a61c5b -- destroy() [cz.jaros.playground.jee.jca.base.spi.AbstractManagedConnection:119]
07.10.2015;09:50:31.989 INFO [connector-timer-proxy] c.j.p.j.j.t.r.s.ToUpperManagedConnection - cz.jaros.playground.jee.jca.toupper.rar.spi.ToUpperManagedConnection@9777bbd -- destroy() [cz.jaros.playground.jee.jca.base.spi.AbstractManagedConnection:119]
07.10.2015;09:50:31.989 INFO [connector-timer-proxy] c.j.p.j.j.t.r.s.ToUpperManagedConnection - cz.jaros.playground.jee.jca.toupper.rar.spi.ToUpperManagedConnection@28ad119e -- destroy() [cz.jaros.playground.jee.jca.base.spi.AbstractManagedConnection:119]
07.10.2015;09:50:31.989 INFO [connector-timer-proxy] c.j.p.j.j.t.r.s.ToUpperManagedConnection - cz.jaros.playground.jee.jca.toupper.rar.spi.ToUpperManagedConnection@39384281 -- destroy() [cz.jaros.playground.jee.jca.base.spi.AbstractManagedConnection:119]
07.10.2015;09:50:31.989 INFO [connector-timer-proxy] c.j.p.j.j.t.r.s.ToUpperManagedConnection - cz.jaros.playground.jee.jca.toupper.rar.spi.ToUpperManagedConnection@62d258ed -- destroy() [cz.jaros.playground.jee.jca.base.spi.AbstractManagedConnection:119]
07.10.2015;09:50:31.990 INFO [connector-timer-proxy] c.j.p.j.j.t.r.s.ToUpperManagedConnection - cz.jaros.playground.jee.jca.toupper.rar.spi.ToUpperManagedConnection@54232dc4 -- destroy() [cz.jaros.playground.jee.jca.base.spi.AbstractManagedConnection:119]
07.10.2015;09:50:31.990 INFO [connector-timer-proxy] c.j.p.j.j.t.r.s.ToUpperManagedConnectionFactory - cz.jaros.playground.jee.jca.toupper.rar.spi.ToUpperManagedConnectionFactory@b9f21160 -- createManagedConnection() [cz.jaros.playground.jee.jca.base.spi.AbstractManagedConnectionFactory:102]
07.10.2015;09:50:31.990 INFO [connector-timer-proxy] c.j.p.j.j.t.r.s.ToUpperManagedConnectionFactory - Constructed managed connection: cz.jaros.playground.jee.jca.toupper.rar.spi.ToUpperManagedConnection@590eea91 [cz.jaros.playground.jee.jca.base.spi.AbstractManagedConnectionFactory:57]
07.10.2015;09:50:31.992 INFO [connector-timer-proxy] c.j.p.j.j.t.r.s.ToUpperManagedConnection - cz.jaros.playground.jee.jca.toupper.rar.spi.ToUpperManagedConnection@590eea91 -- addConnectionEventListener() -> com.sun.enterprise.resource.listener.LocalTxConnectionEventListener@691c97c5 [cz.jaros.playground.jee.jca.base.spi.AbstractManagedConnection:119]
07.10.2015;09:50:31.993 INFO [connector-timer-proxy] c.j.p.j.j.t.r.s.ToUpperManagedConnectionFactory - cz.jaros.playground.jee.jca.toupper.rar.spi.ToUpperManagedConnectionFactory@b9f21160 -- createManagedConnection() [cz.jaros.playground.jee.jca.base.spi.AbstractManagedConnectionFactory:102]
07.10.2015;09:50:31.993 INFO [connector-timer-proxy] c.j.p.j.j.t.r.s.ToUpperManagedConnectionFactory - Constructed managed connection: cz.jaros.playground.jee.jca.toupper.rar.spi.ToUpperManagedConnection@54303c6c [cz.jaros.playground.jee.jca.base.spi.AbstractManagedConnectionFactory:57]
07.10.2015;09:50:31.995 INFO [connector-timer-proxy] c.j.p.j.j.t.r.s.ToUpperManagedConnection - cz.jaros.playground.jee.jca.toupper.rar.spi.ToUpperManagedConnection@54303c6c -- addConnectionEventListener() -> com.sun.enterprise.resource.listener.LocalTxConnectionEventListener@7c7448a2 [cz.jaros.playground.jee.jca.base.spi.AbstractManagedConnection:119]
07.10.2015;09:50:31.995 INFO [connector-timer-proxy] c.j.p.j.j.t.r.s.ToUpperManagedConnectionFactory - cz.jaros.playground.jee.jca.toupper.rar.spi.ToUpperManagedConnectionFactory@b9f21160 -- createManagedConnection() [cz.jaros.playground.jee.jca.base.spi.AbstractManagedConnectionFactory:102]
07.10.2015;09:50:31.996 INFO [connector-timer-proxy] c.j.p.j.j.t.r.s.ToUpperManagedConnectionFactory - Constructed managed connection: cz.jaros.playground.jee.jca.toupper.rar.spi.ToUpperManagedConnection@364cc383 [cz.jaros.playground.jee.jca.base.spi.AbstractManagedConnectionFactory:57]
07.10.2015;09:50:31.997 INFO [connector-timer-proxy] c.j.p.j.j.t.r.s.ToUpperManagedConnection - cz.jaros.playground.jee.jca.toupper.rar.spi.ToUpperManagedConnection@364cc383 -- addConnectionEventListener() -> com.sun.enterprise.resource.listener.LocalTxConnectionEventListener@2936361b [cz.jaros.playground.jee.jca.base.spi.AbstractManagedConnection:119]
07.10.2015;09:50:31.997 INFO [connector-timer-proxy] c.j.p.j.j.t.r.s.ToUpperManagedConnectionFactory - cz.jaros.playground.jee.jca.toupper.rar.spi.ToUpperManagedConnectionFactory@b9f21160 -- createManagedConnection() [cz.jaros.playground.jee.jca.base.spi.AbstractManagedConnectionFactory:102]
07.10.2015;09:50:31.997 INFO [connector-timer-proxy] c.j.p.j.j.t.r.s.ToUpperManagedConnectionFactory - Constructed managed connection: cz.jaros.playground.jee.jca.toupper.rar.spi.ToUpperManagedConnection@261a3bc0 [cz.jaros.playground.jee.jca.base.spi.AbstractManagedConnectionFactory:57]
07.10.2015;09:50:31.999 INFO [connector-timer-proxy] c.j.p.j.j.t.r.s.ToUpperManagedConnection - cz.jaros.playground.jee.jca.toupper.rar.spi.ToUpperManagedConnection@261a3bc0 -- addConnectionEventListener() -> com.sun.enterprise.resource.listener.LocalTxConnectionEventListener@47becc9f [cz.jaros.playground.jee.jca.base.spi.AbstractManagedConnection:119]
07.10.2015;09:50:31.999 INFO [connector-timer-proxy] c.j.p.j.j.t.r.s.ToUpperManagedConnectionFactory - cz.jaros.playground.jee.jca.toupper.rar.spi.ToUpperManagedConnectionFactory@b9f21160 -- createManagedConnection() [cz.jaros.playground.jee.jca.base.spi.AbstractManagedConnectionFactory:102]
07.10.2015;09:50:31.999 INFO [connector-timer-proxy] c.j.p.j.j.t.r.s.ToUpperManagedConnectionFactory - Constructed managed connection: cz.jaros.playground.jee.jca.toupper.rar.spi.ToUpperManagedConnection@3f6bff85 [cz.jaros.playground.jee.jca.base.spi.AbstractManagedConnectionFactory:57]
07.10.2015;09:50:32.001 INFO [connector-timer-proxy] c.j.p.j.j.t.r.s.ToUpperManagedConnection - cz.jaros.playground.jee.jca.toupper.rar.spi.ToUpperManagedConnection@3f6bff85 -- addConnectionEventListener() -> com.sun.enterprise.resource.listener.LocalTxConnectionEventListener@1e1553e9 [cz.jaros.playground.jee.jca.base.spi.AbstractManagedConnection:119]
07.10.2015;09:50:32.001 INFO [connector-timer-proxy] c.j.p.j.j.t.r.s.ToUpperManagedConnectionFactory - cz.jaros.playground.jee.jca.toupper.rar.spi.ToUpperManagedConnectionFactory@b9f21160 -- createManagedConnection() [cz.jaros.playground.jee.jca.base.spi.AbstractManagedConnectionFactory:102]
07.10.2015;09:50:32.001 INFO [connector-timer-proxy] c.j.p.j.j.t.r.s.ToUpperManagedConnectionFactory - Constructed managed connection: cz.jaros.playground.jee.jca.toupper.rar.spi.ToUpperManagedConnection@a37f56d [cz.jaros.playground.jee.jca.base.spi.AbstractManagedConnectionFactory:57]
07.10.2015;09:50:32.002 INFO [connector-timer-proxy] c.j.p.j.j.t.r.s.ToUpperManagedConnection - cz.jaros.playground.jee.jca.toupper.rar.spi.ToUpperManagedConnection@a37f56d -- addConnectionEventListener() -> com.sun.enterprise.resource.listener.LocalTxConnectionEventListener@46bed68d [cz.jaros.playground.jee.jca.base.spi.AbstractManagedConnection:119]
07.10.2015;09:50:32.003 INFO [connector-timer-proxy] c.j.p.j.j.t.r.s.ToUpperManagedConnectionFactory - cz.jaros.playground.jee.jca.toupper.rar.spi.ToUpperManagedConnectionFactory@b9f21160 -- createManagedConnection() [cz.jaros.playground.jee.jca.base.spi.AbstractManagedConnectionFactory:102]
07.10.2015;09:50:32.003 INFO [connector-timer-proxy] c.j.p.j.j.t.r.s.ToUpperManagedConnectionFactory - Constructed managed connection: cz.jaros.playground.jee.jca.toupper.rar.spi.ToUpperManagedConnection@1af7e744 [cz.jaros.playground.jee.jca.base.spi.AbstractManagedConnectionFactory:57]
07.10.2015;09:50:32.004 INFO [connector-timer-proxy] c.j.p.j.j.t.r.s.ToUpperManagedConnection - cz.jaros.playground.jee.jca.toupper.rar.spi.ToUpperManagedConnection@1af7e744 -- addConnectionEventListener() -> com.sun.enterprise.resource.listener.LocalTxConnectionEventListener@242a3ece [cz.jaros.playground.jee.jca.base.spi.AbstractManagedConnection:119]
07.10.2015;09:51:04.537 INFO [http-thread-pool-8080(5)] c.j.p.j.j.t.client.MainController - Processing input 1A. [cz.jaros.playground.jee.jca.toupper.client.MainController:51]
07.10.2015;09:51:04.537 INFO [http-thread-pool-8080(5)] c.j.p.j.j.t.r.c.ToUpperConnectionFactoryImpl - cz.jaros.playground.jee.jca.toupper.rar.ci.ToUpperConnectionFactoryImpl@8ecf839--> getConnection() [cz.jaros.playground.jee.jca.base.ci.BaseConnectionFactoryImpl:44]
07.10.2015;09:51:04.537 INFO [http-thread-pool-8080(5)] c.j.p.j.j.t.r.s.ToUpperManagedConnectionFactory - cz.jaros.playground.jee.jca.toupper.rar.spi.ToUpperManagedConnectionFactory@b9f21160 -- matchManagedConnections() [cz.jaros.playground.jee.jca.base.spi.AbstractManagedConnectionFactory:102]
07.10.2015;09:51:04.537 INFO [http-thread-pool-8080(5)] c.j.p.j.j.t.r.s.ToUpperManagedConnectionFactory - Connection match! [cz.jaros.playground.jee.jca.base.spi.AbstractManagedConnectionFactory:72]
07.10.2015;09:51:04.538 INFO [http-thread-pool-8080(5)] c.j.p.j.j.t.r.s.ToUpperManagedConnection - cz.jaros.playground.jee.jca.toupper.rar.spi.ToUpperManagedConnection@61bf2c64 -- getConnection() [cz.jaros.playground.jee.jca.base.spi.AbstractManagedConnection:119]
07.10.2015;09:51:04.538 INFO [http-thread-pool-8080(5)] c.j.p.j.j.t.r.s.ToUpperManagedConnection - Connecting to localhost on port 8764... [cz.jaros.playground.jee.jca.base.spi.TcpBasedManagedConnection:47]
07.10.2015;09:51:04.539 INFO [http-thread-pool-8080(5)] c.j.p.j.j.t.r.s.ToUpperManagedConnection - Connected! [cz.jaros.playground.jee.jca.base.spi.TcpBasedManagedConnection:51]
07.10.2015;09:51:04.539 INFO [http-thread-pool-8080(5)] c.j.p.j.j.t.r.c.ToUpperConnectionFactoryImpl - Created application connection handle: cz.jaros.playground.jee.jca.toupper.rar.ci.ToUpperConnectionImpl@397b109b [cz.jaros.playground.jee.jca.base.ci.BaseConnectionFactoryImpl:47]
07.10.2015;09:51:04.539 INFO [http-thread-pool-8080(5)] c.j.p.j.j.t.r.s.ToUpperManagedConnection - Sending input... [cz.jaros.playground.jee.jca.toupper.rar.spi.ToUpperManagedConnection:56]
07.10.2015;09:51:04.539 INFO [http-thread-pool-8080(5)] c.j.p.j.j.t.r.s.ToUpperManagedConnection - OUT -> 1A [cz.jaros.playground.jee.jca.base.spi.TcpBasedManagedConnection:72]
07.10.2015;09:51:04.540 INFO [http-thread-pool-8080(5)] c.j.p.j.j.t.r.s.ToUpperManagedConnection - Reading output... [cz.jaros.playground.jee.jca.toupper.rar.spi.ToUpperManagedConnection:58]
07.10.2015;09:51:04.543 INFO [http-thread-pool-8080(5)] c.j.p.j.j.t.r.s.ToUpperManagedConnection - IN  <- 1A [cz.jaros.playground.jee.jca.base.spi.TcpBasedManagedConnection:67]
07.10.2015;09:51:04.544 INFO [http-thread-pool-8080(5)] c.j.p.j.j.t.r.s.ToUpperManagedConnection - cz.jaros.playground.jee.jca.toupper.rar.spi.ToUpperManagedConnection@61bf2c64 -- fireConnectionCloseEvent() -> cz.jaros.playground.jee.jca.toupper.rar.ci.ToUpperConnectionImpl@397b109b [cz.jaros.playground.jee.jca.base.spi.AbstractManagedConnection:119]
07.10.2015;09:51:04.544 INFO [http-thread-pool-8080(5)] c.j.p.j.j.t.r.s.ToUpperManagedConnection - cz.jaros.playground.jee.jca.toupper.rar.spi.ToUpperManagedConnection@61bf2c64 -- cleanup() [cz.jaros.playground.jee.jca.base.spi.AbstractManagedConnection:119]
07.10.2015;09:51:07.142 INFO [http-thread-pool-8080(2)] c.j.p.j.j.t.client.MainController - Processing input 2B. [cz.jaros.playground.jee.jca.toupper.client.MainController:51]
07.10.2015;09:51:07.142 INFO [http-thread-pool-8080(2)] c.j.p.j.j.t.r.c.ToUpperConnectionFactoryImpl - cz.jaros.playground.jee.jca.toupper.rar.ci.ToUpperConnectionFactoryImpl@8ecf839--> getConnection() [cz.jaros.playground.jee.jca.base.ci.BaseConnectionFactoryImpl:44]
07.10.2015;09:51:07.142 INFO [http-thread-pool-8080(2)] c.j.p.j.j.t.r.s.ToUpperManagedConnectionFactory - cz.jaros.playground.jee.jca.toupper.rar.spi.ToUpperManagedConnectionFactory@b9f21160 -- matchManagedConnections() [cz.jaros.playground.jee.jca.base.spi.AbstractManagedConnectionFactory:102]
07.10.2015;09:51:07.143 INFO [http-thread-pool-8080(2)] c.j.p.j.j.t.r.s.ToUpperManagedConnectionFactory - Connection match! [cz.jaros.playground.jee.jca.base.spi.AbstractManagedConnectionFactory:72]
07.10.2015;09:51:07.143 INFO [http-thread-pool-8080(2)] c.j.p.j.j.t.r.s.ToUpperManagedConnection - cz.jaros.playground.jee.jca.toupper.rar.spi.ToUpperManagedConnection@61bf2c64 -- getConnection() [cz.jaros.playground.jee.jca.base.spi.AbstractManagedConnection:119]
07.10.2015;09:51:07.143 INFO [http-thread-pool-8080(2)] c.j.p.j.j.t.r.c.ToUpperConnectionFactoryImpl - Created application connection handle: cz.jaros.playground.jee.jca.toupper.rar.ci.ToUpperConnectionImpl@17bf5636 [cz.jaros.playground.jee.jca.base.ci.BaseConnectionFactoryImpl:47]
07.10.2015;09:51:07.143 INFO [http-thread-pool-8080(2)] c.j.p.j.j.t.r.s.ToUpperManagedConnection - Sending input... [cz.jaros.playground.jee.jca.toupper.rar.spi.ToUpperManagedConnection:56]
07.10.2015;09:51:07.143 INFO [http-thread-pool-8080(2)] c.j.p.j.j.t.r.s.ToUpperManagedConnection - OUT -> 2B [cz.jaros.playground.jee.jca.base.spi.TcpBasedManagedConnection:72]
07.10.2015;09:51:07.144 INFO [http-thread-pool-8080(2)] c.j.p.j.j.t.r.s.ToUpperManagedConnection - Reading output... [cz.jaros.playground.jee.jca.toupper.rar.spi.ToUpperManagedConnection:58]
07.10.2015;09:51:07.146 INFO [http-thread-pool-8080(2)] c.j.p.j.j.t.r.s.ToUpperManagedConnection - IN  <- 2B [cz.jaros.playground.jee.jca.base.spi.TcpBasedManagedConnection:67]
07.10.2015;09:51:07.146 INFO [http-thread-pool-8080(2)] c.j.p.j.j.t.r.s.ToUpperManagedConnection - cz.jaros.playground.jee.jca.toupper.rar.spi.ToUpperManagedConnection@61bf2c64 -- fireConnectionCloseEvent() -> cz.jaros.playground.jee.jca.toupper.rar.ci.ToUpperConnectionImpl@17bf5636 [cz.jaros.playground.jee.jca.base.spi.AbstractManagedConnection:119]
07.10.2015;09:51:07.146 INFO [http-thread-pool-8080(2)] c.j.p.j.j.t.r.s.ToUpperManagedConnection - cz.jaros.playground.jee.jca.toupper.rar.spi.ToUpperManagedConnection@61bf2c64 -- cleanup() [cz.jaros.playground.jee.jca.base.spi.AbstractManagedConnection:119]
07.10.2015;09:51:09.302 INFO [http-thread-pool-8080(1)] c.j.p.j.j.t.client.MainController - Processing input 3C. [cz.jaros.playground.jee.jca.toupper.client.MainController:51]
07.10.2015;09:51:09.302 INFO [http-thread-pool-8080(1)] c.j.p.j.j.t.r.c.ToUpperConnectionFactoryImpl - cz.jaros.playground.jee.jca.toupper.rar.ci.ToUpperConnectionFactoryImpl@8ecf839--> getConnection() [cz.jaros.playground.jee.jca.base.ci.BaseConnectionFactoryImpl:44]
07.10.2015;09:51:09.303 INFO [http-thread-pool-8080(1)] c.j.p.j.j.t.r.s.ToUpperManagedConnectionFactory - cz.jaros.playground.jee.jca.toupper.rar.spi.ToUpperManagedConnectionFactory@b9f21160 -- matchManagedConnections() [cz.jaros.playground.jee.jca.base.spi.AbstractManagedConnectionFactory:102]
07.10.2015;09:51:09.303 INFO [http-thread-pool-8080(1)] c.j.p.j.j.t.r.s.ToUpperManagedConnectionFactory - Connection match! [cz.jaros.playground.jee.jca.base.spi.AbstractManagedConnectionFactory:72]
07.10.2015;09:51:09.303 INFO [http-thread-pool-8080(1)] c.j.p.j.j.t.r.s.ToUpperManagedConnection - cz.jaros.playground.jee.jca.toupper.rar.spi.ToUpperManagedConnection@61bf2c64 -- getConnection() [cz.jaros.playground.jee.jca.base.spi.AbstractManagedConnection:119]
07.10.2015;09:51:09.303 INFO [http-thread-pool-8080(1)] c.j.p.j.j.t.r.c.ToUpperConnectionFactoryImpl - Created application connection handle: cz.jaros.playground.jee.jca.toupper.rar.ci.ToUpperConnectionImpl@2d289199 [cz.jaros.playground.jee.jca.base.ci.BaseConnectionFactoryImpl:47]
07.10.2015;09:51:09.303 INFO [http-thread-pool-8080(1)] c.j.p.j.j.t.r.s.ToUpperManagedConnection - Sending input... [cz.jaros.playground.jee.jca.toupper.rar.spi.ToUpperManagedConnection:56]
07.10.2015;09:51:09.303 INFO [http-thread-pool-8080(1)] c.j.p.j.j.t.r.s.ToUpperManagedConnection - OUT -> 3C [cz.jaros.playground.jee.jca.base.spi.TcpBasedManagedConnection:72]
07.10.2015;09:51:09.303 INFO [http-thread-pool-8080(1)] c.j.p.j.j.t.r.s.ToUpperManagedConnection - Reading output... [cz.jaros.playground.jee.jca.toupper.rar.spi.ToUpperManagedConnection:58]
07.10.2015;09:51:09.305 INFO [http-thread-pool-8080(1)] c.j.p.j.j.t.r.s.ToUpperManagedConnection - IN  <- 3C [cz.jaros.playground.jee.jca.base.spi.TcpBasedManagedConnection:67]
07.10.2015;09:51:09.306 INFO [http-thread-pool-8080(1)] c.j.p.j.j.t.r.s.ToUpperManagedConnection - cz.jaros.playground.jee.jca.toupper.rar.spi.ToUpperManagedConnection@61bf2c64 -- fireConnectionCloseEvent() -> cz.jaros.playground.jee.jca.toupper.rar.ci.ToUpperConnectionImpl@2d289199 [cz.jaros.playground.jee.jca.base.spi.AbstractManagedConnection:119]
07.10.2015;09:51:09.306 INFO [http-thread-pool-8080(1)] c.j.p.j.j.t.r.s.ToUpperManagedConnection - cz.jaros.playground.jee.jca.toupper.rar.spi.ToUpperManagedConnection@61bf2c64 -- cleanup() [cz.jaros.playground.jee.jca.base.spi.AbstractManagedConnection:119]
07.10.2015;09:51:11.187 INFO [http-thread-pool-8080(3)] c.j.p.j.j.t.client.MainController - Processing input 4D. [cz.jaros.playground.jee.jca.toupper.client.MainController:51]
07.10.2015;09:51:11.187 INFO [http-thread-pool-8080(3)] c.j.p.j.j.t.r.c.ToUpperConnectionFactoryImpl - cz.jaros.playground.jee.jca.toupper.rar.ci.ToUpperConnectionFactoryImpl@8ecf839--> getConnection() [cz.jaros.playground.jee.jca.base.ci.BaseConnectionFactoryImpl:44]
07.10.2015;09:51:11.188 INFO [http-thread-pool-8080(3)] c.j.p.j.j.t.r.s.ToUpperManagedConnectionFactory - cz.jaros.playground.jee.jca.toupper.rar.spi.ToUpperManagedConnectionFactory@b9f21160 -- matchManagedConnections() [cz.jaros.playground.jee.jca.base.spi.AbstractManagedConnectionFactory:102]
07.10.2015;09:51:11.188 INFO [http-thread-pool-8080(3)] c.j.p.j.j.t.r.s.ToUpperManagedConnectionFactory - Connection match! [cz.jaros.playground.jee.jca.base.spi.AbstractManagedConnectionFactory:72]
07.10.2015;09:51:11.188 INFO [http-thread-pool-8080(3)] c.j.p.j.j.t.r.s.ToUpperManagedConnection - cz.jaros.playground.jee.jca.toupper.rar.spi.ToUpperManagedConnection@61bf2c64 -- getConnection() [cz.jaros.playground.jee.jca.base.spi.AbstractManagedConnection:119]
07.10.2015;09:51:11.188 INFO [http-thread-pool-8080(3)] c.j.p.j.j.t.r.c.ToUpperConnectionFactoryImpl - Created application connection handle: cz.jaros.playground.jee.jca.toupper.rar.ci.ToUpperConnectionImpl@1fb470df [cz.jaros.playground.jee.jca.base.ci.BaseConnectionFactoryImpl:47]
07.10.2015;09:51:11.188 INFO [http-thread-pool-8080(3)] c.j.p.j.j.t.r.s.ToUpperManagedConnection - Sending input... [cz.jaros.playground.jee.jca.toupper.rar.spi.ToUpperManagedConnection:56]
07.10.2015;09:51:11.188 INFO [http-thread-pool-8080(3)] c.j.p.j.j.t.r.s.ToUpperManagedConnection - OUT -> 4D [cz.jaros.playground.jee.jca.base.spi.TcpBasedManagedConnection:72]
07.10.2015;09:51:11.188 INFO [http-thread-pool-8080(3)] c.j.p.j.j.t.r.s.ToUpperManagedConnection - Reading output... [cz.jaros.playground.jee.jca.toupper.rar.spi.ToUpperManagedConnection:58]
07.10.2015;09:51:11.190 INFO [http-thread-pool-8080(3)] c.j.p.j.j.t.r.s.ToUpperManagedConnection - IN  <- 4D [cz.jaros.playground.jee.jca.base.spi.TcpBasedManagedConnection:67]
07.10.2015;09:51:11.190 INFO [http-thread-pool-8080(3)] c.j.p.j.j.t.r.s.ToUpperManagedConnection - cz.jaros.playground.jee.jca.toupper.rar.spi.ToUpperManagedConnection@61bf2c64 -- fireConnectionCloseEvent() -> cz.jaros.playground.jee.jca.toupper.rar.ci.ToUpperConnectionImpl@1fb470df [cz.jaros.playground.jee.jca.base.spi.AbstractManagedConnection:119]
07.10.2015;09:51:11.190 INFO [http-thread-pool-8080(3)] c.j.p.j.j.t.r.s.ToUpperManagedConnection - cz.jaros.playground.jee.jca.toupper.rar.spi.ToUpperManagedConnection@61bf2c64 -- cleanup() [cz.jaros.playground.jee.jca.base.spi.AbstractManagedConnection:119]
07.10.2015;09:51:15.557 INFO [http-thread-pool-8080(4)] c.j.p.j.j.t.client.MainController - Processing input 5E. [cz.jaros.playground.jee.jca.toupper.client.MainController:51]
07.10.2015;09:51:15.557 INFO [http-thread-pool-8080(4)] c.j.p.j.j.t.r.c.ToUpperConnectionFactoryImpl - cz.jaros.playground.jee.jca.toupper.rar.ci.ToUpperConnectionFactoryImpl@8ecf839--> getConnection() [cz.jaros.playground.jee.jca.base.ci.BaseConnectionFactoryImpl:44]
07.10.2015;09:51:15.557 INFO [http-thread-pool-8080(4)] c.j.p.j.j.t.r.s.ToUpperManagedConnectionFactory - cz.jaros.playground.jee.jca.toupper.rar.spi.ToUpperManagedConnectionFactory@b9f21160 -- matchManagedConnections() [cz.jaros.playground.jee.jca.base.spi.AbstractManagedConnectionFactory:102]
07.10.2015;09:51:15.558 INFO [http-thread-pool-8080(4)] c.j.p.j.j.t.r.s.ToUpperManagedConnectionFactory - Connection match! [cz.jaros.playground.jee.jca.base.spi.AbstractManagedConnectionFactory:72]
07.10.2015;09:51:15.558 INFO [http-thread-pool-8080(4)] c.j.p.j.j.t.r.s.ToUpperManagedConnection - cz.jaros.playground.jee.jca.toupper.rar.spi.ToUpperManagedConnection@61bf2c64 -- getConnection() [cz.jaros.playground.jee.jca.base.spi.AbstractManagedConnection:119]
07.10.2015;09:51:15.558 INFO [http-thread-pool-8080(4)] c.j.p.j.j.t.r.c.ToUpperConnectionFactoryImpl - Created application connection handle: cz.jaros.playground.jee.jca.toupper.rar.ci.ToUpperConnectionImpl@73371e8e [cz.jaros.playground.jee.jca.base.ci.BaseConnectionFactoryImpl:47]
07.10.2015;09:51:15.558 INFO [http-thread-pool-8080(4)] c.j.p.j.j.t.r.s.ToUpperManagedConnection - Sending input... [cz.jaros.playground.jee.jca.toupper.rar.spi.ToUpperManagedConnection:56]
07.10.2015;09:51:15.558 INFO [http-thread-pool-8080(4)] c.j.p.j.j.t.r.s.ToUpperManagedConnection - OUT -> 5E [cz.jaros.playground.jee.jca.base.spi.TcpBasedManagedConnection:72]
07.10.2015;09:51:15.558 INFO [http-thread-pool-8080(4)] c.j.p.j.j.t.r.s.ToUpperManagedConnection - Reading output... [cz.jaros.playground.jee.jca.toupper.rar.spi.ToUpperManagedConnection:58]
07.10.2015;09:51:15.560 INFO [http-thread-pool-8080(4)] c.j.p.j.j.t.r.s.ToUpperManagedConnection - IN  <- 5E [cz.jaros.playground.jee.jca.base.spi.TcpBasedManagedConnection:67]
07.10.2015;09:51:15.561 INFO [http-thread-pool-8080(4)] c.j.p.j.j.t.r.s.ToUpperManagedConnection - cz.jaros.playground.jee.jca.toupper.rar.spi.ToUpperManagedConnection@61bf2c64 -- fireConnectionCloseEvent() -> cz.jaros.playground.jee.jca.toupper.rar.ci.ToUpperConnectionImpl@73371e8e [cz.jaros.playground.jee.jca.base.spi.AbstractManagedConnection:119]
07.10.2015;09:51:15.561 INFO [http-thread-pool-8080(4)] c.j.p.j.j.t.r.s.ToUpperManagedConnection - cz.jaros.playground.jee.jca.toupper.rar.spi.ToUpperManagedConnection@61bf2c64 -- cleanup() [cz.jaros.playground.jee.jca.base.spi.AbstractManagedConnection:119]
07.10.2015;09:51:17.823 INFO [http-thread-pool-8080(5)] c.j.p.j.j.t.client.MainController - Processing input 6F. [cz.jaros.playground.jee.jca.toupper.client.MainController:51]
07.10.2015;09:51:17.823 INFO [http-thread-pool-8080(5)] c.j.p.j.j.t.r.c.ToUpperConnectionFactoryImpl - cz.jaros.playground.jee.jca.toupper.rar.ci.ToUpperConnectionFactoryImpl@8ecf839--> getConnection() [cz.jaros.playground.jee.jca.base.ci.BaseConnectionFactoryImpl:44]
07.10.2015;09:51:17.823 INFO [http-thread-pool-8080(5)] c.j.p.j.j.t.r.s.ToUpperManagedConnectionFactory - cz.jaros.playground.jee.jca.toupper.rar.spi.ToUpperManagedConnectionFactory@b9f21160 -- matchManagedConnections() [cz.jaros.playground.jee.jca.base.spi.AbstractManagedConnectionFactory:102]
07.10.2015;09:51:17.824 INFO [http-thread-pool-8080(5)] c.j.p.j.j.t.r.s.ToUpperManagedConnectionFactory - Connection match! [cz.jaros.playground.jee.jca.base.spi.AbstractManagedConnectionFactory:72]
07.10.2015;09:51:17.824 INFO [http-thread-pool-8080(5)] c.j.p.j.j.t.r.s.ToUpperManagedConnection - cz.jaros.playground.jee.jca.toupper.rar.spi.ToUpperManagedConnection@61bf2c64 -- getConnection() [cz.jaros.playground.jee.jca.base.spi.AbstractManagedConnection:119]
07.10.2015;09:51:17.824 INFO [http-thread-pool-8080(5)] c.j.p.j.j.t.r.c.ToUpperConnectionFactoryImpl - Created application connection handle: cz.jaros.playground.jee.jca.toupper.rar.ci.ToUpperConnectionImpl@6daba8b4 [cz.jaros.playground.jee.jca.base.ci.BaseConnectionFactoryImpl:47]
07.10.2015;09:51:17.824 INFO [http-thread-pool-8080(5)] c.j.p.j.j.t.r.s.ToUpperManagedConnection - Sending input... [cz.jaros.playground.jee.jca.toupper.rar.spi.ToUpperManagedConnection:56]
07.10.2015;09:51:17.824 INFO [http-thread-pool-8080(5)] c.j.p.j.j.t.r.s.ToUpperManagedConnection - OUT -> 6F [cz.jaros.playground.jee.jca.base.spi.TcpBasedManagedConnection:72]
07.10.2015;09:51:17.825 INFO [http-thread-pool-8080(5)] c.j.p.j.j.t.r.s.ToUpperManagedConnection - Reading output... [cz.jaros.playground.jee.jca.toupper.rar.spi.ToUpperManagedConnection:58]
07.10.2015;09:51:17.827 INFO [http-thread-pool-8080(5)] c.j.p.j.j.t.r.s.ToUpperManagedConnection - IN  <- 6F [cz.jaros.playground.jee.jca.base.spi.TcpBasedManagedConnection:67]
07.10.2015;09:51:17.827 INFO [http-thread-pool-8080(5)] c.j.p.j.j.t.r.s.ToUpperManagedConnection - cz.jaros.playground.jee.jca.toupper.rar.spi.ToUpperManagedConnection@61bf2c64 -- fireConnectionCloseEvent() -> cz.jaros.playground.jee.jca.toupper.rar.ci.ToUpperConnectionImpl@6daba8b4 [cz.jaros.playground.jee.jca.base.spi.AbstractManagedConnection:119]
07.10.2015;09:51:17.827 INFO [http-thread-pool-8080(5)] c.j.p.j.j.t.r.s.ToUpperManagedConnection - cz.jaros.playground.jee.jca.toupper.rar.spi.ToUpperManagedConnection@61bf2c64 -- cleanup() [cz.jaros.playground.jee.jca.base.spi.AbstractManagedConnection:119]
07.10.2015;09:51:19.707 INFO [http-thread-pool-8080(2)] c.j.p.j.j.t.client.MainController - Processing input 7G. [cz.jaros.playground.jee.jca.toupper.client.MainController:51]
07.10.2015;09:51:19.707 INFO [http-thread-pool-8080(2)] c.j.p.j.j.t.r.c.ToUpperConnectionFactoryImpl - cz.jaros.playground.jee.jca.toupper.rar.ci.ToUpperConnectionFactoryImpl@8ecf839--> getConnection() [cz.jaros.playground.jee.jca.base.ci.BaseConnectionFactoryImpl:44]
07.10.2015;09:51:19.707 INFO [http-thread-pool-8080(2)] c.j.p.j.j.t.r.s.ToUpperManagedConnectionFactory - cz.jaros.playground.jee.jca.toupper.rar.spi.ToUpperManagedConnectionFactory@b9f21160 -- matchManagedConnections() [cz.jaros.playground.jee.jca.base.spi.AbstractManagedConnectionFactory:102]
07.10.2015;09:51:19.707 INFO [http-thread-pool-8080(2)] c.j.p.j.j.t.r.s.ToUpperManagedConnectionFactory - Connection match! [cz.jaros.playground.jee.jca.base.spi.AbstractManagedConnectionFactory:72]
07.10.2015;09:51:19.708 INFO [http-thread-pool-8080(2)] c.j.p.j.j.t.r.s.ToUpperManagedConnection - cz.jaros.playground.jee.jca.toupper.rar.spi.ToUpperManagedConnection@61bf2c64 -- getConnection() [cz.jaros.playground.jee.jca.base.spi.AbstractManagedConnection:119]
07.10.2015;09:51:19.708 INFO [http-thread-pool-8080(2)] c.j.p.j.j.t.r.c.ToUpperConnectionFactoryImpl - Created application connection handle: cz.jaros.playground.jee.jca.toupper.rar.ci.ToUpperConnectionImpl@1d41e4d6 [cz.jaros.playground.jee.jca.base.ci.BaseConnectionFactoryImpl:47]
07.10.2015;09:51:19.708 INFO [http-thread-pool-8080(2)] c.j.p.j.j.t.r.s.ToUpperManagedConnection - Sending input... [cz.jaros.playground.jee.jca.toupper.rar.spi.ToUpperManagedConnection:56]
07.10.2015;09:51:19.708 INFO [http-thread-pool-8080(2)] c.j.p.j.j.t.r.s.ToUpperManagedConnection - OUT -> 7G [cz.jaros.playground.jee.jca.base.spi.TcpBasedManagedConnection:72]
07.10.2015;09:51:19.708 INFO [http-thread-pool-8080(2)] c.j.p.j.j.t.r.s.ToUpperManagedConnection - Reading output... [cz.jaros.playground.jee.jca.toupper.rar.spi.ToUpperManagedConnection:58]
07.10.2015;09:51:19.709 INFO [http-thread-pool-8080(2)] c.j.p.j.j.t.r.s.ToUpperManagedConnection - IN  <- 7G [cz.jaros.playground.jee.jca.base.spi.TcpBasedManagedConnection:67]
07.10.2015;09:51:19.710 INFO [http-thread-pool-8080(2)] c.j.p.j.j.t.r.s.ToUpperManagedConnection - cz.jaros.playground.jee.jca.toupper.rar.spi.ToUpperManagedConnection@61bf2c64 -- fireConnectionCloseEvent() -> cz.jaros.playground.jee.jca.toupper.rar.ci.ToUpperConnectionImpl@1d41e4d6 [cz.jaros.playground.jee.jca.base.spi.AbstractManagedConnection:119]
07.10.2015;09:51:19.710 INFO [http-thread-pool-8080(2)] c.j.p.j.j.t.r.s.ToUpperManagedConnection - cz.jaros.playground.jee.jca.toupper.rar.spi.ToUpperManagedConnection@61bf2c64 -- cleanup() [cz.jaros.playground.jee.jca.base.spi.AbstractManagedConnection:119]
07.10.2015;09:51:22.312 INFO [http-thread-pool-8080(1)] c.j.p.j.j.t.client.MainController - Processing input 8H. [cz.jaros.playground.jee.jca.toupper.client.MainController:51]
07.10.2015;09:51:22.312 INFO [http-thread-pool-8080(1)] c.j.p.j.j.t.r.c.ToUpperConnectionFactoryImpl - cz.jaros.playground.jee.jca.toupper.rar.ci.ToUpperConnectionFactoryImpl@8ecf839--> getConnection() [cz.jaros.playground.jee.jca.base.ci.BaseConnectionFactoryImpl:44]
07.10.2015;09:51:22.313 INFO [http-thread-pool-8080(1)] c.j.p.j.j.t.r.s.ToUpperManagedConnectionFactory - cz.jaros.playground.jee.jca.toupper.rar.spi.ToUpperManagedConnectionFactory@b9f21160 -- matchManagedConnections() [cz.jaros.playground.jee.jca.base.spi.AbstractManagedConnectionFactory:102]
07.10.2015;09:51:22.313 INFO [http-thread-pool-8080(1)] c.j.p.j.j.t.r.s.ToUpperManagedConnectionFactory - Connection match! [cz.jaros.playground.jee.jca.base.spi.AbstractManagedConnectionFactory:72]
07.10.2015;09:51:22.313 INFO [http-thread-pool-8080(1)] c.j.p.j.j.t.r.s.ToUpperManagedConnection - cz.jaros.playground.jee.jca.toupper.rar.spi.ToUpperManagedConnection@61bf2c64 -- getConnection() [cz.jaros.playground.jee.jca.base.spi.AbstractManagedConnection:119]
07.10.2015;09:51:22.313 INFO [http-thread-pool-8080(1)] c.j.p.j.j.t.r.c.ToUpperConnectionFactoryImpl - Created application connection handle: cz.jaros.playground.jee.jca.toupper.rar.ci.ToUpperConnectionImpl@704409a7 [cz.jaros.playground.jee.jca.base.ci.BaseConnectionFactoryImpl:47]
07.10.2015;09:51:22.313 INFO [http-thread-pool-8080(1)] c.j.p.j.j.t.r.s.ToUpperManagedConnection - Sending input... [cz.jaros.playground.jee.jca.toupper.rar.spi.ToUpperManagedConnection:56]
07.10.2015;09:51:22.313 INFO [http-thread-pool-8080(1)] c.j.p.j.j.t.r.s.ToUpperManagedConnection - OUT -> 8H [cz.jaros.playground.jee.jca.base.spi.TcpBasedManagedConnection:72]
07.10.2015;09:51:22.313 INFO [http-thread-pool-8080(1)] c.j.p.j.j.t.r.s.ToUpperManagedConnection - Reading output... [cz.jaros.playground.jee.jca.toupper.rar.spi.ToUpperManagedConnection:58]
07.10.2015;09:51:22.315 INFO [http-thread-pool-8080(1)] c.j.p.j.j.t.r.s.ToUpperManagedConnection - IN  <- 8H [cz.jaros.playground.jee.jca.base.spi.TcpBasedManagedConnection:67]
07.10.2015;09:51:22.315 INFO [http-thread-pool-8080(1)] c.j.p.j.j.t.r.s.ToUpperManagedConnection - cz.jaros.playground.jee.jca.toupper.rar.spi.ToUpperManagedConnection@61bf2c64 -- fireConnectionCloseEvent() -> cz.jaros.playground.jee.jca.toupper.rar.ci.ToUpperConnectionImpl@704409a7 [cz.jaros.playground.jee.jca.base.spi.AbstractManagedConnection:119]
07.10.2015;09:51:22.315 INFO [http-thread-pool-8080(1)] c.j.p.j.j.t.r.s.ToUpperManagedConnection - cz.jaros.playground.jee.jca.toupper.rar.spi.ToUpperManagedConnection@61bf2c64 -- cleanup() [cz.jaros.playground.jee.jca.base.spi.AbstractManagedConnection:119]
07.10.2015;09:51:24.867 INFO [http-thread-pool-8080(3)] c.j.p.j.j.t.client.MainController - Processing input 9I. [cz.jaros.playground.jee.jca.toupper.client.MainController:51]
07.10.2015;09:51:24.867 INFO [http-thread-pool-8080(3)] c.j.p.j.j.t.r.c.ToUpperConnectionFactoryImpl - cz.jaros.playground.jee.jca.toupper.rar.ci.ToUpperConnectionFactoryImpl@8ecf839--> getConnection() [cz.jaros.playground.jee.jca.base.ci.BaseConnectionFactoryImpl:44]
07.10.2015;09:51:24.867 INFO [http-thread-pool-8080(3)] c.j.p.j.j.t.r.s.ToUpperManagedConnectionFactory - cz.jaros.playground.jee.jca.toupper.rar.spi.ToUpperManagedConnectionFactory@b9f21160 -- matchManagedConnections() [cz.jaros.playground.jee.jca.base.spi.AbstractManagedConnectionFactory:102]
07.10.2015;09:51:24.867 INFO [http-thread-pool-8080(3)] c.j.p.j.j.t.r.s.ToUpperManagedConnectionFactory - Connection match! [cz.jaros.playground.jee.jca.base.spi.AbstractManagedConnectionFactory:72]
07.10.2015;09:51:24.867 INFO [http-thread-pool-8080(3)] c.j.p.j.j.t.r.s.ToUpperManagedConnection - cz.jaros.playground.jee.jca.toupper.rar.spi.ToUpperManagedConnection@61bf2c64 -- getConnection() [cz.jaros.playground.jee.jca.base.spi.AbstractManagedConnection:119]
07.10.2015;09:51:24.868 INFO [http-thread-pool-8080(3)] c.j.p.j.j.t.r.c.ToUpperConnectionFactoryImpl - Created application connection handle: cz.jaros.playground.jee.jca.toupper.rar.ci.ToUpperConnectionImpl@6f5c30cf [cz.jaros.playground.jee.jca.base.ci.BaseConnectionFactoryImpl:47]
07.10.2015;09:51:24.868 INFO [http-thread-pool-8080(3)] c.j.p.j.j.t.r.s.ToUpperManagedConnection - Sending input... [cz.jaros.playground.jee.jca.toupper.rar.spi.ToUpperManagedConnection:56]
07.10.2015;09:51:24.868 INFO [http-thread-pool-8080(3)] c.j.p.j.j.t.r.s.ToUpperManagedConnection - OUT -> 9I [cz.jaros.playground.jee.jca.base.spi.TcpBasedManagedConnection:72]
07.10.2015;09:51:24.868 INFO [http-thread-pool-8080(3)] c.j.p.j.j.t.r.s.ToUpperManagedConnection - Reading output... [cz.jaros.playground.jee.jca.toupper.rar.spi.ToUpperManagedConnection:58]
07.10.2015;09:51:24.870 INFO [http-thread-pool-8080(3)] c.j.p.j.j.t.r.s.ToUpperManagedConnection - IN  <- 9I [cz.jaros.playground.jee.jca.base.spi.TcpBasedManagedConnection:67]
07.10.2015;09:51:24.870 INFO [http-thread-pool-8080(3)] c.j.p.j.j.t.r.s.ToUpperManagedConnection - cz.jaros.playground.jee.jca.toupper.rar.spi.ToUpperManagedConnection@61bf2c64 -- fireConnectionCloseEvent() -> cz.jaros.playground.jee.jca.toupper.rar.ci.ToUpperConnectionImpl@6f5c30cf [cz.jaros.playground.jee.jca.base.spi.AbstractManagedConnection:119]
07.10.2015;09:51:24.870 INFO [http-thread-pool-8080(3)] c.j.p.j.j.t.r.s.ToUpperManagedConnection - cz.jaros.playground.jee.jca.toupper.rar.spi.ToUpperManagedConnection@61bf2c64 -- cleanup() [cz.jaros.playground.jee.jca.base.spi.AbstractManagedConnection:119]
